#
# There is insufficient memory for the Java Runtime Environment to continue.
# Native memory allocation (malloc) failed to allocate 177456 bytes for Chunk::new
# Possible reasons:
#   The system is out of physical RAM or swap space
#   The process is running with CompressedOops enabled, and the Java Heap may be blocking the growth of the native heap
# Possible solutions:
#   Reduce memory load on the system
#   Increase physical memory or swap space
#   Check if swap backing store is full
#   Decrease Java heap size (-Xmx/-Xms)
#   Decrease number of Java threads
#   Decrease Java thread stack sizes (-Xss)
#   Set larger code cache with -XX:ReservedCodeCacheSize=
#   JVM is running with Unscaled Compressed Oops mode in which the Java heap is
#     placed in the first 4GB address space. The Java Heap base address is the
#     maximum limit for the native heap growth. Please use -XX:HeapBaseMinAddress
#     to set the Java Heap base and to place the Java Heap above 4GB virtual address.
# This output file may be truncated or incomplete.
#
#  Out of Memory Error (allocation.cpp:389), pid=7412, tid=0x0000000000000858
#
# JRE version: OpenJDK Runtime Environment (8.0_242-b01) (build 1.8.0_242-release-1644-b01)
# Java VM: OpenJDK 64-Bit Server VM (25.242-b01 mixed mode windows-amd64 compressed oops)
# Failed to write core dump. Minidumps are not enabled by default on client versions of Windows
#

---------------  T H R E A D  ---------------

Current thread (0x0000000015c8f000):  JavaThread "C2 CompilerThread1" daemon [_thread_in_native, id=2136, stack(0x0000000017750000,0x0000000017850000)]

Stack: [0x0000000017750000,0x0000000017850000]
[error occurred during error reporting (printing stack bounds), id 0xc0000005]

Native frames: (J=compiled Java code, j=interpreted, Vv=VM code, C=native code)


Current CompileTask:
C2:   6869 1051       4       com.android.dx.ssa.SsaMethod::forEachInsn (36 bytes)


---------------  P R O C E S S  ---------------

Java Threads: ( => current thread )
  0x00000000173fe800 JavaThread "pool-1-thread-4" [_thread_in_Java, id=12220, stack(0x0000000018750000,0x0000000018850000)]
  0x00000000173fd000 JavaThread "pool-1-thread-3" [_thread_blocked, id=10636, stack(0x0000000018650000,0x0000000018750000)]
  0x00000000173fa800 JavaThread "pool-1-thread-2" [_thread_in_vm, id=6720, stack(0x0000000018550000,0x0000000018650000)]
  0x00000000173f9800 JavaThread "pool-2-thread-1" [_thread_blocked, id=6504, stack(0x0000000018450000,0x0000000018550000)]
  0x0000000017388000 JavaThread "pool-1-thread-1" [_thread_blocked, id=6288, stack(0x0000000018350000,0x0000000018450000)]
  0x00000000170b1800 JavaThread "Service Thread" daemon [_thread_blocked, id=688, stack(0x0000000017950000,0x0000000017a50000)]
  0x00000000170ad800 JavaThread "C1 CompilerThread2" daemon [_thread_blocked, id=7676, stack(0x0000000017850000,0x0000000017950000)]
=>0x0000000015c8f000 JavaThread "C2 CompilerThread1" daemon [_thread_in_native, id=2136, stack(0x0000000017750000,0x0000000017850000)]
  0x0000000015c8b800 JavaThread "C2 CompilerThread0" daemon [_thread_blocked, id=12176, stack(0x0000000017650000,0x0000000017750000)]
  0x0000000015c8a000 JavaThread "Attach Listener" daemon [_thread_blocked, id=892, stack(0x0000000017550000,0x0000000017650000)]
  0x0000000017060800 JavaThread "Signal Dispatcher" daemon [_thread_blocked, id=856, stack(0x0000000017450000,0x0000000017550000)]
  0x00000000035a6800 JavaThread "Finalizer" daemon [_thread_blocked, id=10004, stack(0x0000000016ef0000,0x0000000016ff0000)]
  0x0000000015c69000 JavaThread "Reference Handler" daemon [_thread_blocked, id=10120, stack(0x0000000016df0000,0x0000000016ef0000)]
  0x00000000034ae000 JavaThread "main" [_thread_in_Java, id=3268, stack(0x0000000003350000,0x0000000003450000)]

Other Threads:
  0x0000000015c46000 VMThread [stack: 0x0000000016cf0000,0x0000000016df0000] [id=11868]
  0x00000000170b2000 WatcherThread [stack: 0x0000000017a50000,0x0000000017b50000] [id=5996]

VM state:not at safepoint (normal execution)

VM Mutex/Monitor currently owned by a thread: None

heap address: 0x00000000c0000000, size: 1024 MB, Compressed Oops mode: 32-bit
Narrow klass base: 0x0000000000000000, Narrow klass shift: 3
Compressed class space size: 1073741824 Address: 0x0000000100000000

Heap:
 PSYoungGen      total 18944K, used 12686K [0x00000000eab00000, 0x00000000ed000000, 0x0000000100000000)
  eden space 16384K, 61% used [0x00000000eab00000,0x00000000eb4e7010,0x00000000ebb00000)
  from space 2560K, 99% used [0x00000000ebb00000,0x00000000ebd7cac8,0x00000000ebd80000)
  to   space 2560K, 0% used [0x00000000ecd80000,0x00000000ecd80000,0x00000000ed000000)
 ParOldGen       total 44032K, used 1991K [0x00000000c0000000, 0x00000000c2b00000, 0x00000000eab00000)
  object space 44032K, 4% used [0x00000000c0000000,0x00000000c01f1f98,0x00000000c2b00000)
 Metaspace       used 6143K, capacity 6896K, committed 7040K, reserved 1056768K
  class space    used 595K, capacity 616K, committed 640K, reserved 1048576K

Card table byte_map: [0x0000000012970000,0x0000000012b80000] byte_map_base: 0x0000000012370000

Marking Bits: (ParMarkBitMap*) 0x0000000065dcf030
 Begin Bits: [0x00000000130e0000, 0x00000000140e0000)
 End Bits:   [0x00000000140e0000, 0x00000000150e0000)

Polling page: 0x0000000001800000

CodeCache: size=245760Kb used=4199Kb max_used=4211Kb free=241560Kb
 bounds [0x00000000035b0000, 0x00000000039e0000, 0x00000000125b0000]
 total_blobs=1338 nmethods=1056 adapters=193
 compilation: disabled (not enough contiguous free space left)

Compilation events (10 events):
Event: 6.852 Thread 0x00000000170ad800 nmethod 1071 0x00000000039ca410 code [0x00000000039ca5c0, 0x00000000039cac58]
Event: 6.852 Thread 0x00000000170ad800 1057       3       com.android.dx.cf.code.BasicBlocker::getBlockList (208 bytes)
Event: 6.853 Thread 0x0000000015c8b800 nmethod 1060 0x00000000039cdc90 code [0x00000000039cdde0, 0x00000000039cdf98]
Event: 6.853 Thread 0x0000000015c8b800 1066       4       com.android.dx.dex.code.DalvInsn::<init> (67 bytes)
Event: 6.854 Thread 0x00000000170ad800 nmethod 1057 0x00000000039cbd50 code [0x00000000039cbfc0, 0x00000000039cd208]
Event: 6.854 Thread 0x00000000170ad800 1077       3       com.android.dx.ssa.InterferenceRegisterMapper::addInterfence (62 bytes)
Event: 6.854 Thread 0x0000000015c8b800 

Event: 6.854 Thread 0x0000000015c8b800 1056  s    4       java.util.Vector::removeElementAt (115 bytes)
Event: 6.856 Thread 0x0000000015c8b800 

Event: 6.858 Thread 0x00000000170ad800 


GC Heap History (2 events):
Event: 4.850 GC heap before
{Heap before GC invocations=1 (full 0):
 PSYoungGen      total 18944K, used 16384K [0x00000000eab00000, 0x00000000ec000000, 0x0000000100000000)
  eden space 16384K, 100% used [0x00000000eab00000,0x00000000ebb00000,0x00000000ebb00000)
  from space 2560K, 0% used [0x00000000ebd80000,0x00000000ebd80000,0x00000000ec000000)
  to   space 2560K, 0% used [0x00000000ebb00000,0x00000000ebb00000,0x00000000ebd80000)
 ParOldGen       total 44032K, used 0K [0x00000000c0000000, 0x00000000c2b00000, 0x00000000eab00000)
  object space 44032K, 0% used [0x00000000c0000000,0x00000000c0000000,0x00000000c2b00000)
 Metaspace       used 5970K, capacity 6768K, committed 7040K, reserved 1056768K
  class space    used 593K, capacity 616K, committed 640K, reserved 1048576K
Event: 5.482 GC heap after
Heap after GC invocations=1 (full 0):
 PSYoungGen      total 18944K, used 2546K [0x00000000eab00000, 0x00000000ed000000, 0x0000000100000000)
  eden space 16384K, 0% used [0x00000000eab00000,0x00000000eab00000,0x00000000ebb00000)
  from space 2560K, 99% used [0x00000000ebb00000,0x00000000ebd7cac8,0x00000000ebd80000)
  to   space 2560K, 0% used [0x00000000ecd80000,0x00000000ecd80000,0x00000000ed000000)
 ParOldGen       total 44032K, used 1991K [0x00000000c0000000, 0x00000000c2b00000, 0x00000000eab00000)
  object space 44032K, 4% used [0x00000000c0000000,0x00000000c01f1f98,0x00000000c2b00000)
 Metaspace       used 5970K, capacity 6768K, committed 7040K, reserved 1056768K
  class space    used 593K, capacity 616K, committed 640K, reserved 1048576K
}

Deoptimization events (10 events):
Event: 3.863 Thread 0x00000000173fa800 Uncommon trap: reason=class_check action=maybe_recompile pc=0x000000000381fdf0 method=com.android.dx.ssa.NormalSsaInsn.accept(Lcom/android/dx/ssa/SsaInsn$Visitor;)V @ 9
Event: 3.863 Thread 0x00000000173fa800 Uncommon trap: reason=class_check action=maybe_recompile pc=0x000000000381fdf0 method=com.android.dx.ssa.NormalSsaInsn.accept(Lcom/android/dx/ssa/SsaInsn$Visitor;)V @ 9
Event: 3.863 Thread 0x00000000173fa800 Uncommon trap: reason=class_check action=maybe_recompile pc=0x000000000381fdf0 method=com.android.dx.ssa.NormalSsaInsn.accept(Lcom/android/dx/ssa/SsaInsn$Visitor;)V @ 9
Event: 3.901 Thread 0x00000000173fa800 Uncommon trap: reason=unstable_if action=reinterpret pc=0x000000000380246c method=java.util.BitSet.nextSetBit(I)I @ 87
Event: 4.828 Thread 0x0000000017388000 Uncommon trap: reason=class_check action=maybe_recompile pc=0x00000000038c318c method=com.android.dx.rop.type.Type.equals(Ljava/lang/Object;)Z @ 8
Event: 4.828 Thread 0x0000000017388000 Uncommon trap: reason=class_check action=maybe_recompile pc=0x00000000038c318c method=com.android.dx.rop.type.Type.equals(Ljava/lang/Object;)Z @ 8
Event: 4.828 Thread 0x0000000017388000 Uncommon trap: reason=class_check action=maybe_recompile pc=0x00000000038c318c method=com.android.dx.rop.type.Type.equals(Ljava/lang/Object;)Z @ 8
Event: 4.828 Thread 0x0000000017388000 Uncommon trap: reason=class_check action=maybe_recompile pc=0x00000000038c318c method=com.android.dx.rop.type.Type.equals(Ljava/lang/Object;)Z @ 8
Event: 5.490 Thread 0x00000000034ae000 Uncommon trap: reason=unstable_if action=reinterpret pc=0x00000000037739b4 method=java.lang.String.<init>([CII)V @ 18
Event: 5.572 Thread 0x00000000173fd000 Uncommon trap: reason=unstable_if action=reinterpret pc=0x0000000003904564 method=java.util.concurrent.ConcurrentHashMap.get(Ljava/lang/Object;)Ljava/lang/Object; @ 127

Classes redefined (0 events):
No events

Internal exceptions (2 events):
Event: 0.069 Thread 0x00000000034ae000 Exception <a 'java/lang/NoSuchMethodError': Method sun.misc.Unsafe.defineClass(Ljava/lang/String;[BII)Ljava/lang/Class; name or signature does not match> (0x00000000eab07cc8) thrown at [C:\src\AOSP-openjdk-git\hotspot\src\share\vm\prims\jni.cpp, line 4013
Event: 0.069 Thread 0x00000000034ae000 Exception <a 'java/lang/NoSuchMethodError': Method sun.misc.Unsafe.prefetchRead(Ljava/lang/Object;J)V name or signature does not match> (0x00000000eab07fb0) thrown at [C:\src\AOSP-openjdk-git\hotspot\src\share\vm\prims\jni.cpp, line 4013]

Events (10 events):
Event: 6.797 Executing VM operation: RevokeBias
Event: 6.797 Executing VM operation: RevokeBias done
Event: 6.820 Executing VM operation: RevokeBias
Event: 6.820 Executing VM operation: RevokeBias done
Event: 6.823 Executing VM operation: BulkRevokeBias
Event: 6.823 Executing VM operation: BulkRevokeBias done
Event: 6.850 Executing VM operation: RevokeBias
Event: 6.850 Executing VM operation: RevokeBias done
Event: 6.864 Executing VM operation: RevokeBias
Event: 6.864 Executing VM operation: RevokeBias done


Dynamic libraries:
0x00007ff763140000 - 0x00007ff763171000 	C:\Program Files\Android\Android Studio\jre\bin\java.exe
0x00007ffc93b70000 - 0x00007ffc93d65000 	C:\Windows\SYSTEM32\ntdll.dll
0x00007ffc93050000 - 0x00007ffc9310d000 	C:\Windows\System32\KERNEL32.DLL
0x00007ffc91830000 - 0x00007ffc91af7000 	C:\Windows\System32\KERNELBASE.dll
0x00007ffc91da0000 - 0x00007ffc91e4a000 	C:\Windows\System32\ADVAPI32.dll
0x00007ffc922a0000 - 0x00007ffc9233e000 	C:\Windows\System32\msvcrt.dll
0x00007ffc92be0000 - 0x00007ffc92c7b000 	C:\Windows\System32\sechost.dll
0x00007ffc92f00000 - 0x00007ffc93023000 	C:\Windows\System32\RPCRT4.dll
0x00007ffc938e0000 - 0x00007ffc93a80000 	C:\Windows\System32\USER32.dll
0x00007ffc91b00000 - 0x00007ffc91b22000 	C:\Windows\System32\win32u.dll
0x00007ffc93170000 - 0x00007ffc9319a000 	C:\Windows\System32\GDI32.dll
0x00007ffc912f0000 - 0x00007ffc913fa000 	C:\Windows\System32\gdi32full.dll
0x00007ffc91790000 - 0x00007ffc9182d000 	C:\Windows\System32\msvcp_win.dll
0x00007ffc915e0000 - 0x00007ffc916e0000 	C:\Windows\System32\ucrtbase.dll
0x00007ffc80ab0000 - 0x00007ffc80d4a000 	C:\Windows\WinSxS\amd64_microsoft.windows.common-controls_6595b64144ccf1df_6.0.19041.1_none_b555e41d4684ddec\COMCTL32.dll
0x00007ffc92210000 - 0x00007ffc92240000 	C:\Windows\System32\IMM32.DLL
0x0000000064ab0000 - 0x0000000064b82000 	C:\Program Files\Android\Android Studio\jre\jre\bin\msvcr100.dll
0x0000000065600000 - 0x0000000065e4b000 	C:\Program Files\Android\Android Studio\jre\jre\bin\server\jvm.dll
0x00007ffc92de0000 - 0x00007ffc92de8000 	C:\Windows\System32\PSAPI.DLL
0x00007ffc7fce0000 - 0x00007ffc7fce9000 	C:\Windows\SYSTEM32\WSOCK32.dll
0x00007ffc926a0000 - 0x00007ffc9270b000 	C:\Windows\System32\WS2_32.dll
0x00007ffc87070000 - 0x00007ffc87097000 	C:\Windows\SYSTEM32\WINMM.dll
0x00007ffc831f0000 - 0x00007ffc831fa000 	C:\Windows\SYSTEM32\VERSION.dll
0x00007ffc81c40000 - 0x00007ffc81c4f000 	C:\Program Files\Android\Android Studio\jre\jre\bin\verify.dll
0x00007ffc793f0000 - 0x00007ffc79419000 	C:\Program Files\Android\Android Studio\jre\jre\bin\java.dll
0x00007ffc79340000 - 0x00007ffc79356000 	C:\Program Files\Android\Android Studio\jre\jre\bin\zip.dll
0x00007ffc931a0000 - 0x00007ffc938e0000 	C:\Windows\System32\SHELL32.dll
0x00007ffc8f440000 - 0x00007ffc8fbd1000 	C:\Windows\SYSTEM32\windows.storage.dll
0x00007ffc92340000 - 0x00007ffc92693000 	C:\Windows\System32\combase.dll
0x00007ffc90d40000 - 0x00007ffc90d6c000 	C:\Windows\SYSTEM32\Wldp.dll
0x00007ffc92df0000 - 0x00007ffc92e9e000 	C:\Windows\System32\SHCORE.dll
0x00007ffc92240000 - 0x00007ffc92295000 	C:\Windows\System32\shlwapi.dll
0x00007ffc91200000 - 0x00007ffc9121f000 	C:\Windows\SYSTEM32\profapi.dll

VM Arguments:
jvm_args: -Djava.awt.headless=true -Xmx1024M -Dfile.encoding=GBK -Duser.country=CN -Duser.language=zh -Duser.variant 
java_command: com.android.dx.command.Main --dex --num-threads=4 --output C:\Users\Vindows95\Documents\Boat4\app\build\intermediates\pre-dexed\debug\gson-2.8.2_9410553ffe4e6759bf103afa9de8f22004ddc3ce.jar C:\Users\Vindows95\Documents\Boat4\app\libs\gson-2.8.2.jar
java_class_path (initial): C:\Users\Vindows95\AppData\Local\Android\Sdk\build-tools\28.0.3\lib\dx.jar
Launcher Type: SUN_STANDARD

Environment Variables:
PATH=C:\Program Files (x86)\Common Files\Oracle\Java\javapath;C:\Windows\system32;C:\Windows;C:\Windows\System32\Wbem;C:\Windows\System32\WindowsPowerShell\v1.0\;C:\Windows\System32\OpenSSH\;C:\Program Files\PuTTY\;C:\Users\Vindows95\AppData\Local\Microsoft\WindowsApps;C:\Program Files\Bandizip\
USERNAME=Vindows95
OS=Windows_NT
PROCESSOR_IDENTIFIER=Intel64 Family 6 Model 58 Stepping 9, GenuineIntel



---------------  S Y S T E M  ---------------

OS: Windows 10.0 , 64 bit Build 19041 (10.0.19041.292)

CPU:total 4 (initial active 4) (2 cores per cpu, 2 threads per core) family 6 model 58 stepping 9, cmov, cx8, fxsr, mmx, sse, sse2, sse3, ssse3, sse4.1, sse4.2, popcnt, avx, aes, clmul, erms, ht, tsc, tscinvbit, tscinv

Memory: 4k page, physical 4085912k(205364k free), swap 7925080k(4140k free)

vm_info: OpenJDK 64-Bit Server VM (25.242-b01) for windows-amd64 JRE (1.8.0_242-release-1644-b01), built by "builder" with MS VC++ 10.0 (VS2010)

time: Tue Aug 18 21:28:53 2020
timezone: 中国标准时间
elapsed time: 6 seconds (0d 0h 0m 6s)

